<?xml version="1.0" encoding="UTF-8"?>
<testng-results ignored="0" total="2" passed="2" failed="0" skipped="0">
  <reporter-output>
  </reporter-output>
  <suite started-at="2021-10-28T09:37:29 IST" name="Surefire suite" finished-at="2021-10-28T09:37:43 IST" duration-ms="13413">
    <groups>
    </groups>
    <test started-at="2021-10-28T09:37:29 IST" name="Surefire test" finished-at="2021-10-28T09:37:43 IST" duration-ms="13413">
      <class name="Tasks.Assessment">
        <test-method signature="Task1()[pri:0, instance:Tasks.Assessment@4206a205]" started-at="2021-10-28T09:37:29 IST" name="Task1" finished-at="2021-10-28T09:37:35 IST" duration-ms="5966" status="PASS">
          <reporter-output>
          </reporter-output>
        </test-method> <!-- Task1 -->
        <test-method signature="Task2()[pri:0, instance:Tasks.Assessment@4206a205]" started-at="2021-10-28T09:37:35 IST" name="Task2" finished-at="2021-10-28T09:37:43 IST" duration-ms="7417" status="PASS">
          <reporter-output>
          </reporter-output>
        </test-method> <!-- Task2 -->
      </class> <!-- Tasks.Assessment -->
    </test> <!-- Surefire test -->
  </suite> <!-- Surefire suite -->
</testng-results>
