<?xml version="1.0" encoding="UTF-8"?>
<testng-results ignored="0" total="2" passed="2" failed="0" skipped="0">
  <reporter-output>
  </reporter-output>
  <suite started-at="2021-10-28T08:29:47 IST" name="Default suite" finished-at="2021-10-28T08:30:00 IST" duration-ms="12435">
    <groups>
    </groups>
    <test started-at="2021-10-28T08:29:47 IST" name="Default test" finished-at="2021-10-28T08:30:00 IST" duration-ms="12435">
      <class name="Tasks.Assessment">
        <test-method signature="Task1()[pri:0, instance:Tasks.Assessment@d5b810e]" started-at="2021-10-28T08:29:47 IST" name="Task1" finished-at="2021-10-28T08:29:52 IST" duration-ms="4338" status="PASS">
          <reporter-output>
          </reporter-output>
        </test-method> <!-- Task1 -->
        <test-method signature="Task2()[pri:0, instance:Tasks.Assessment@d5b810e]" started-at="2021-10-28T08:29:52 IST" name="Task2" finished-at="2021-10-28T08:30:00 IST" duration-ms="8063" status="PASS">
          <reporter-output>
          </reporter-output>
        </test-method> <!-- Task2 -->
      </class> <!-- Tasks.Assessment -->
    </test> <!-- Default test -->
  </suite> <!-- Default suite -->
</testng-results>
